# JRE version: OpenJDK Runtime Environment (11.0.10) (build 11.0.10+0-b96-7249189)
# Java VM: OpenJDK 64-Bit Server VM (11.0.10+0-b96-7249189, mixed mode, tiered, compressed oops, g1 gc, windows-amd64)
Heap:
 garbage-first heap   total 114688K, used 83342K [0x0000000080000000, 0x0000000100000000)
  region size 1024K, 31 young (31744K), 5 survivors (5120K)
 Metaspace       used 69727K, capacity 71298K, committed 71500K, reserved 1112064K
  class space    used 8967K, capacity 9570K, committed 9600K, reserved 1048576K
GC Heap History (20 events):
Event: 41.743 GC heap before
{Heap before GC invocations=8 (full 0):
 garbage-first heap   total 114688K, used 38170K [0x0000000080000000, 0x0000000100000000)
  region size 1024K, 23 young (23552K), 4 survivors (4096K)
 Metaspace       used 35060K, capacity 35806K, committed 35840K, reserved 1081344K
  class space    used 4537K, capacity 4832K, committed 4864K, reserved 1048576K
}
Event: 41.760 GC heap after
{Heap after GC invocations=9 (full 0):
 garbage-first heap   total 114688K, used 22200K [0x0000000080000000, 0x0000000100000000)
  region size 1024K, 6 young (6144K), 6 survivors (6144K)
 Metaspace       used 35060K, capacity 35806K, committed 35840K, reserved 1081344K
  class space    used 4537K, capacity 4832K, committed 4864K, reserved 1048576K
}
Event: 44.493 GC heap before
{Heap before GC invocations=10 (full 0):
 garbage-first heap   total 114688K, used 73400K [0x0000000080000000, 0x0000000100000000)
  region size 1024K, 54 young (55296K), 6 survivors (6144K)
 Metaspace       used 38738K, capacity 39639K, committed 39936K, reserved 1083392K
  class space    used 4923K, capacity 5251K, committed 5376K, reserved 1048576K
}
Event: 44.511 GC heap after
{Heap after GC invocations=11 (full 0):
 garbage-first heap   total 114688K, used 26378K [0x0000000080000000, 0x0000000100000000)
  region size 1024K, 7 young (7168K), 7 survivors (7168K)
 Metaspace       used 38738K, capacity 39639K, committed 39936K, reserved 1083392K
  class space    used 4923K, capacity 5251K, committed 5376K, reserved 1048576K
}
Event: 46.565 GC heap before
{Heap before GC invocations=11 (full 0):
 garbage-first heap   total 114688K, used 74506K [0x0000000080000000, 0x0000000100000000)
  region size 1024K, 54 young (55296K), 7 survivors (7168K)
 Metaspace       used 43373K, capacity 44401K, committed 44672K, reserved 1087488K
  class space    used 5527K, capacity 5894K, committed 6016K, reserved 1048576K
}
Event: 46.580 GC heap after
{Heap after GC invocations=12 (full 0):
 garbage-first heap   total 114688K, used 28443K [0x0000000080000000, 0x0000000100000000)
  region size 1024K, 3 young (3072K), 3 survivors (3072K)
 Metaspace       used 43373K, capacity 44401K, committed 44672K, reserved 1087488K
  class space    used 5527K, capacity 5894K, committed 6016K, reserved 1048576K
}
Event: 49.123 GC heap before
{Heap before GC invocations=12 (full 0):
 garbage-first heap   total 114688K, used 78619K [0x0000000080000000, 0x0000000100000000)
  region size 1024K, 52 young (53248K), 3 survivors (3072K)
 Metaspace       used 46800K, capacity 47942K, committed 48256K, reserved 1091584K
  class space    used 5978K, capacity 6412K, committed 6528K, reserved 1048576K
}
Event: 49.133 GC heap after
{Heap after GC invocations=13 (full 0):
 garbage-first heap   total 114688K, used 30067K [0x0000000080000000, 0x0000000100000000)
  region size 1024K, 5 young (5120K), 5 survivors (5120K)
 Metaspace       used 46800K, capacity 47942K, committed 48256K, reserved 1091584K
  class space    used 5978K, capacity 6412K, committed 6528K, reserved 1048576K
}
Event: 51.855 GC heap before
{Heap before GC invocations=13 (full 0):
 garbage-first heap   total 114688K, used 88435K [0x0000000080000000, 0x0000000100000000)
  region size 1024K, 55 young (56320K), 5 survivors (5120K)
 Metaspace       used 50478K, capacity 51716K, committed 51968K, reserved 1093632K
  class space    used 6414K, capacity 6862K, committed 6912K, reserved 1048576K
}
Event: 51.870 GC heap after
{Heap after GC invocations=14 (full 0):
 garbage-first heap   total 114688K, used 46706K [0x0000000080000000, 0x0000000100000000)
  region size 1024K, 7 young (7168K), 7 survivors (7168K)
 Metaspace       used 50478K, capacity 51716K, committed 51968K, reserved 1093632K
  class space    used 6414K, capacity 6862K, committed 6912K, reserved 1048576K
}
Event: 55.182 GC heap before
{Heap before GC invocations=14 (full 0):
 garbage-first heap   total 114688K, used 85618K [0x0000000080000000, 0x0000000100000000)
  region size 1024K, 45 young (46080K), 7 survivors (7168K)
 Metaspace       used 56353K, capacity 57842K, committed 58112K, reserved 1099776K
  class space    used 7120K, capacity 7620K, committed 7680K, reserved 1048576K
}
Event: 55.196 GC heap after
{Heap after GC invocations=15 (full 0):
 garbage-first heap   total 114688K, used 48685K [0x0000000080000000, 0x0000000100000000)
  region size 1024K, 2 young (2048K), 2 survivors (2048K)
 Metaspace       used 56353K, capacity 57842K, committed 58112K, reserved 1099776K
  class space    used 7120K, capacity 7620K, committed 7680K, reserved 1048576K
}
Event: 56.395 GC heap before
{Heap before GC invocations=15 (full 0):
 garbage-first heap   total 114688K, used 60973K [0x0000000080000000, 0x0000000100000000)
  region size 1024K, 15 young (15360K), 2 survivors (2048K)
 Metaspace       used 58547K, capacity 59997K, committed 60160K, reserved 1101824K
  class space    used 7406K, capacity 7934K, committed 7936K, reserved 1048576K
}
Event: 56.402 GC heap after
{Heap after GC invocations=16 (full 0):
 garbage-first heap   total 114688K, used 49713K [0x0000000080000000, 0x0000000100000000)
  region size 1024K, 3 young (3072K), 3 survivors (3072K)
 Metaspace       used 58547K, capacity 59997K, committed 60160K, reserved 1101824K
  class space    used 7406K, capacity 7934K, committed 7936K, reserved 1048576K
}
Event: 58.834 GC heap before
{Heap before GC invocations=17 (full 0):
 garbage-first heap   total 114688K, used 84529K [0x0000000080000000, 0x0000000100000000)
  region size 1024K, 38 young (38912K), 3 survivors (3072K)
 Metaspace       used 61970K, capacity 63412K, committed 63692K, reserved 1103872K
  class space    used 7827K, capacity 8360K, committed 8448K, reserved 1048576K
}
Event: 58.849 GC heap after
{Heap after GC invocations=18 (full 0):
 garbage-first heap   total 114688K, used 52875K [0x0000000080000000, 0x0000000100000000)
  region size 1024K, 5 young (5120K), 5 survivors (5120K)
 Metaspace       used 61970K, capacity 63412K, committed 63692K, reserved 1103872K
  class space    used 7827K, capacity 8360K, committed 8448K, reserved 1048576K
}
Event: 60.785 GC heap before
{Heap before GC invocations=18 (full 0):
 garbage-first heap   total 114688K, used 86667K [0x0000000080000000, 0x0000000100000000)
  region size 1024K, 38 young (38912K), 5 survivors (5120K)
 Metaspace       used 65231K, capacity 66680K, committed 66892K, reserved 1107968K
  class space    used 8249K, capacity 8780K, committed 8832K, reserved 1048576K
}
Event: 60.798 GC heap after
{Heap after GC invocations=19 (full 0):
 garbage-first heap   total 114688K, used 54710K [0x0000000080000000, 0x0000000100000000)
  region size 1024K, 2 young (2048K), 2 survivors (2048K)
 Metaspace       used 65231K, capacity 66680K, committed 66892K, reserved 1107968K
  class space    used 8249K, capacity 8780K, committed 8832K, reserved 1048576K
}
Event: 62.493 GC heap before
{Heap before GC invocations=19 (full 0):
 garbage-first heap   total 114688K, used 89526K [0x0000000080000000, 0x0000000100000000)
  region size 1024K, 36 young (36864K), 2 survivors (2048K)
 Metaspace       used 66336K, capacity 67870K, committed 68044K, reserved 1107968K
  class space    used 8373K, capacity 8919K, committed 8960K, reserved 1048576K
}
Event: 62.505 GC heap after
{Heap after GC invocations=20 (full 0):
 garbage-first heap   total 114688K, used 57742K [0x0000000080000000, 0x0000000100000000)
  region size 1024K, 5 young (5120K), 5 survivors (5120K)
 Metaspace       used 66336K, capacity 67870K, committed 68044K, reserved 1107968K
  class space    used 8373K, capacity 8919K, committed 8960K, reserved 1048576K
}

